<?xml version="1.0" encoding="UTF-8"?>
<!-- Generated by org.testng.reporters.JUnitReportReporter -->
<testsuite hostname="Angitha_K" failures="0" tests="1" name="testScript.ManageNewsTest" time="7.931" errors="0" timestamp="2025-04-11T14:17:32 IST" skipped="0">
  <testcase classname="testScript.ManageNewsTest" name="manageNews" time="7.931"/>
</testsuite> <!-- testScript.ManageNewsTest -->
