<?xml version="1.0" encoding="UTF-8"?>
<!-- Generated by org.testng.reporters.JUnitReportReporter -->
<testsuite hostname="Angitha_K" failures="0" tests="1" name="testScript.LoginTest" time="6.481" errors="0" timestamp="2025-04-25T17:36:13 IST" skipped="0">
  <testcase classname="testScript.LoginTest" name="verifyUserAbleToLoginWithWrongUsernameWrongPassword" time="6.481"/>
</testsuite> <!-- testScript.LoginTest -->
